<?xml version="1.0" encoding="UTF-8"?>
<!-- Generated by org.testng.reporters.JUnitReportReporter -->
<testsuite skipped="0" hostname="DESKTOP-01CILGG" name="Academy.HomePage" tests="2" failures="0" timestamp="27 Oct 2017 18:58:20 GMT" time="26.060" errors="0">
  <testcase name="basePageNavigation" time="4.721" classname="Academy.HomePage"/>
  <testcase name="basePageNavigation" time="21.339" classname="Academy.HomePage"/>
</testsuite> <!-- Academy.HomePage -->
